0 info it worked if it ends with ok
1 verbose cli [ 'node', '/usr/local/bin/npm', 'install', 'Steve' ]
2 info using npm@2.11.3
3 info using node@v0.12.7
4 verbose config Skipping project config: /Users/zMac/.npmrc. (matches userconfig)
5 verbose install initial load of /Users/zMac/package.json
6 verbose installManyTop reading scoped package data from /Users/zMac/node_modules/electron/package.json
7 verbose installManyTop reading scoped package data from /Users/zMac/node_modules/express/package.json
8 verbose installManyTop reading scoped package data from /Users/zMac/node_modules/gulp/package.json
9 verbose installManyTop reading scoped package data from /Users/zMac/node_modules/sqlite3/package.json
10 verbose readDependencies loading dependencies from /Users/zMac/package.json
11 silly cache add args [ 'Steve', null ]
12 verbose cache add spec Steve
13 silly cache add parsed spec { raw: 'Steve',
13 silly cache add   scope: null,
13 silly cache add   name: 'Steve',
13 silly cache add   rawSpec: '',
13 silly cache add   spec: '*',
13 silly cache add   type: 'range' }
14 silly addNamed Steve@*
15 verbose addNamed "*" is a valid semver range for Steve
16 silly addNameRange { name: 'Steve', range: '*', hasData: false }
17 silly mapToRegistry name Steve
18 silly mapToRegistry using default registry
19 silly mapToRegistry registry https://registry.npmjs.org/
20 silly mapToRegistry uri https://registry.npmjs.org/Steve
21 verbose addNameRange registry:https://registry.npmjs.org/Steve not in flight; fetching
22 verbose request uri https://registry.npmjs.org/Steve
23 verbose request no auth needed
24 info attempt registry request try #1 at 11:27:20 PM
25 verbose request id aff678327033291c
26 http request GET https://registry.npmjs.org/Steve
27 http 404 https://registry.npmjs.org/Steve
28 verbose headers { 'content-type': 'application/json',
28 verbose headers   'cache-control': 'max-age=0',
28 verbose headers   'content-length': '2',
28 verbose headers   'accept-ranges': 'bytes',
28 verbose headers   date: 'Thu, 25 Feb 2016 07:27:20 GMT',
28 verbose headers   via: '1.1 varnish',
28 verbose headers   age: '0',
28 verbose headers   connection: 'keep-alive',
28 verbose headers   'x-served-by': 'cache-sjc3123-SJC',
28 verbose headers   'x-cache': 'MISS',
28 verbose headers   'x-cache-hits': '0',
28 verbose headers   'x-timer': 'S1456385240.163875,VS0,VE88' }
29 silly get cb [ 404,
29 silly get   { 'content-type': 'application/json',
29 silly get     'cache-control': 'max-age=0',
29 silly get     'content-length': '2',
29 silly get     'accept-ranges': 'bytes',
29 silly get     date: 'Thu, 25 Feb 2016 07:27:20 GMT',
29 silly get     via: '1.1 varnish',
29 silly get     age: '0',
29 silly get     connection: 'keep-alive',
29 silly get     'x-served-by': 'cache-sjc3123-SJC',
29 silly get     'x-cache': 'MISS',
29 silly get     'x-cache-hits': '0',
29 silly get     'x-timer': 'S1456385240.163875,VS0,VE88' } ]
30 verbose stack Error: Registry returned 404 for GET on https://registry.npmjs.org/Steve
30 verbose stack     at CachingRegistryClient.<anonymous> (/usr/local/lib/node_modules/npm/node_modules/npm-registry-client/lib/request.js:239:14)
30 verbose stack     at Request._callback (/usr/local/lib/node_modules/npm/node_modules/npm-registry-client/lib/request.js:170:14)
30 verbose stack     at Request.self.callback (/usr/local/lib/node_modules/npm/node_modules/request/request.js:354:22)
30 verbose stack     at Request.emit (events.js:110:17)
30 verbose stack     at Request.<anonymous> (/usr/local/lib/node_modules/npm/node_modules/request/request.js:1207:14)
30 verbose stack     at Request.emit (events.js:129:20)
30 verbose stack     at IncomingMessage.<anonymous> (/usr/local/lib/node_modules/npm/node_modules/request/request.js:1153:12)
30 verbose stack     at IncomingMessage.emit (events.js:129:20)
30 verbose stack     at _stream_readable.js:908:16
30 verbose stack     at process._tickCallback (node.js:355:11)
31 verbose statusCode 404
32 verbose pkgid Steve
33 verbose cwd /Users/zMac/Desktop/GitHub/scratchpad/js_enumerable
34 error Darwin 14.5.0
35 error argv "node" "/usr/local/bin/npm" "install" "Steve"
36 error node v0.12.7
37 error npm  v2.11.3
38 error code E404
39 error 404 Registry returned 404 for GET on https://registry.npmjs.org/Steve
39 error 404
39 error 404 'Steve' is not in the npm registry.
39 error 404 Your package name is not valid, because
39 error 404
39 error 404  1. name can no longer contain capital letters
39 error 404
39 error 404 Note that you can also install from a
39 error 404 tarball, folder, http url, or git url.
40 verbose exit [ 1, true ]
